<?xml version="1.0" encoding="UTF-8"?>
<!-- Generated by org.testng.reporters.JUnitReportReporter -->
<testsuite hostname="Nayan" failures="0" tests="1" name="com.comcast.crm.contacttest.CreateContactWithOrgTest" time="34.125" errors="0" timestamp="11 Feb 2025 06:57:08 GMT" skipped="0">
  <testcase classname="com.comcast.crm.contacttest.CreateContactWithOrgTest" name="createContactWithOrgTest" time="34.125"/>
</testsuite> <!-- com.comcast.crm.contacttest.CreateContactWithOrgTest -->
