<?xml version="1.0" encoding="UTF-8"?>
<!-- Generated by org.testng.reporters.JUnitReportReporter -->
<testsuite hostname="Nayan" failures="0" tests="1" name="com.comcast.crm.orgtest.DeleteOrgName" time="32.976" errors="0" timestamp="10 Feb 2025 07:02:01 GMT" skipped="0">
  <testcase classname="com.comcast.crm.orgtest.DeleteOrgName" name="deleteOrgName" time="32.976"/>
</testsuite> <!-- com.comcast.crm.orgtest.DeleteOrgName -->
