<?xml version="1.0" encoding="UTF-8"?>
<!-- Generated by org.testng.reporters.JUnitReportReporter -->
<testsuite hostname="Nayan" failures="0" tests="1" name="com.comcast.crm.contacttest.CreateContactTest" time="58.091" errors="0" timestamp="08 Feb 2025 07:44:39 GMT" skipped="0">
  <testcase classname="com.comcast.crm.contacttest.CreateContactTest" name="createContactTest" time="58.091"/>
</testsuite> <!-- com.comcast.crm.contacttest.CreateContactTest -->
