<?xml version="1.0" encoding="UTF-8"?>
<!-- Generated by org.testng.reporters.JUnitReportReporter -->
<testsuite hostname="Nayan" failures="0" tests="1" name="com.comcast.crm.orgtest.CreateOrgTest" time="21.002" errors="0" timestamp="10 Feb 2025 05:44:27 GMT" skipped="0">
  <testcase classname="com.comcast.crm.orgtest.CreateOrgTest" name="validateOrgname" time="21.002"/>
</testsuite> <!-- com.comcast.crm.orgtest.CreateOrgTest -->
