<?xml version="1.0" encoding="UTF-8"?>
<!-- Generated by org.testng.reporters.JUnitReportReporter -->
<testsuite hostname="Nayan" failures="0" tests="1" name="com.comcast.crm.contacttest.CreateContactWithSupportDateTest" time="24.416" errors="0" timestamp="11 Feb 2025 06:57:43 GMT" skipped="0">
  <testcase classname="com.comcast.crm.contacttest.CreateContactWithSupportDateTest" name="createContactWithSupportDateTest" time="24.416"/>
</testsuite> <!-- com.comcast.crm.contacttest.CreateContactWithSupportDateTest -->
