<?xml version="1.0" encoding="UTF-8"?>
<!-- Generated by org.testng.reporters.JUnitReportReporter -->
<testsuite hostname="Nayan" failures="0" tests="3" name="com.comcast.crm.contacttest.ContactTest" time="96.587" errors="0" timestamp="14 Feb 2025 06:51:36 GMT" skipped="0">
  <testcase classname="com.comcast.crm.contacttest.ContactTest" name="createContactTest" time="42.320"/>
  <testcase classname="com.comcast.crm.contacttest.ContactTest" name="createContactWithOrgTest" time="39.212"/>
  <testcase classname="com.comcast.crm.contacttest.ContactTest" name="createContactWithSupportDateTest" time="15.055"/>
</testsuite> <!-- com.comcast.crm.contacttest.ContactTest -->
